-0.6553588445777213
-0.5553588445777213
-0.45535884457772136
-0.3553588445777214
-0.2553588445777214
0.8183735915311673
0.9231744997851558
1.1788396790629445
1.58666886556255
3.212030239407868
-0.7716435686754878
-0.6716435686754878
-0.5716435686754878
-0.47164356867548785
-0.37164356867548787
0.7047371719458048
0.8047371719458047
0.9047371719458047
1.0047371719458047
1.1047371719458048
-2.7255142813913857
-1.1538622577309532
-0.7810435079440312
-0.6810435079440312
-0.5810435079440313
0.7086777726390217
0.8086777726390216
0.9086777726390216
1.0086777726390217
1.1086777726390218
-2.3112393960301585
-1.6674563968057527
-1.5674563968057527
-1.4674563968057526
-1.1622688212566727
1.2924354357151002
1.3924354357151003
1.4924354357151004
2.967114801553983
4.953784176252903
-3.631199297212013
-2.2366849467316725
-1.3045282840159182
-1.2045282840159182
-1.104528284015918
0.7574041494070679
0.8574041494070679
0.9574041494070679
1.0574041494070678
1.157404149407068
-4.102037087724117
-1.6625865175381742
-1.3783145176827658
-1.2783145176827657
-1.1783145176827656
1.2389863006971393
1.3389863006971394
1.4389863006971395
3.904141343538475
4.669608186408968
